<?xml version="1.0" encoding="UTF-8"?>
<testsuite xmlns:xsi="http://www.w3.org/2001/XMLSchema-instance" xsi:noNamespaceSchemaLocation="https://maven.apache.org/surefire/maven-surefire-plugin/xsd/surefire-test-report.xsd" name="ru.javawebinar.topjava.service.usertest.UserJpaServiceTest" time="0.052" tests="9" errors="0" skipped="0" failures="0">
  <properties>
    <property name="java.specification.version" value="15"/>
    <property name="sun.cpu.isalist" value="amd64"/>
    <property name="sun.jnu.encoding" value="Cp1251"/>
    <property name="java.class.path" value="C:\dev\projects\topjava\target\test-classes;C:\dev\projects\topjava\target\classes;C:\Users\Serg\.m2\repository\org\slf4j\slf4j-api\1.7.30\slf4j-api-1.7.30.jar;C:\Users\Serg\.m2\repository\ch\qos\logback\logback-classic\1.2.3\logback-classic-1.2.3.jar;C:\Users\Serg\.m2\repository\ch\qos\logback\logback-core\1.2.3\logback-core-1.2.3.jar;C:\Users\Serg\.m2\repository\javax\annotation\javax.annotation-api\1.3.2\javax.annotation-api-1.3.2.jar;C:\Users\Serg\.m2\repository\org\springframework\spring-context-support\5.3.0\spring-context-support-5.3.0.jar;C:\Users\Serg\.m2\repository\org\springframework\spring-beans\5.3.0\spring-beans-5.3.0.jar;C:\Users\Serg\.m2\repository\org\springframework\spring-context\5.3.0\spring-context-5.3.0.jar;C:\Users\Serg\.m2\repository\org\springframework\spring-expression\5.3.0\spring-expression-5.3.0.jar;C:\Users\Serg\.m2\repository\org\springframework\spring-core\5.3.0\spring-core-5.3.0.jar;C:\Users\Serg\.m2\repository\org\springframework\spring-jcl\5.3.0\spring-jcl-5.3.0.jar;C:\Users\Serg\.m2\repository\org\springframework\data\spring-data-jpa\2.4.0\spring-data-jpa-2.4.0.jar;C:\Users\Serg\.m2\repository\org\springframework\data\spring-data-commons\2.4.0\spring-data-commons-2.4.0.jar;C:\Users\Serg\.m2\repository\org\springframework\spring-orm\5.3.0\spring-orm-5.3.0.jar;C:\Users\Serg\.m2\repository\org\springframework\spring-jdbc\5.3.0\spring-jdbc-5.3.0.jar;C:\Users\Serg\.m2\repository\org\springframework\spring-aop\5.3.0\spring-aop-5.3.0.jar;C:\Users\Serg\.m2\repository\org\springframework\spring-tx\5.3.0\spring-tx-5.3.0.jar;C:\Users\Serg\.m2\repository\org\aspectj\aspectjrt\1.9.6\aspectjrt-1.9.6.jar;C:\Users\Serg\.m2\repository\org\hibernate\hibernate-core\5.4.22.Final\hibernate-core-5.4.22.Final.jar;C:\Users\Serg\.m2\repository\org\jboss\logging\jboss-logging\3.3.2.Final\jboss-logging-3.3.2.Final.jar;C:\Users\Serg\.m2\repository\javax\persistence\javax.persistence-api\2.2\javax.persistence-api-2.2.jar;C:\Users\Serg\.m2\repository\org\javassist\javassist\3.24.0-GA\javassist-3.24.0-GA.jar;C:\Users\Serg\.m2\repository\net\bytebuddy\byte-buddy\1.10.10\byte-buddy-1.10.10.jar;C:\Users\Serg\.m2\repository\antlr\antlr\2.7.7\antlr-2.7.7.jar;C:\Users\Serg\.m2\repository\org\jboss\spec\javax\transaction\jboss-transaction-api_1.2_spec\1.1.1.Final\jboss-transaction-api_1.2_spec-1.1.1.Final.jar;C:\Users\Serg\.m2\repository\org\jboss\jandex\2.1.3.Final\jandex-2.1.3.Final.jar;C:\Users\Serg\.m2\repository\com\fasterxml\classmate\1.5.1\classmate-1.5.1.jar;C:\Users\Serg\.m2\repository\javax\activation\javax.activation-api\1.2.0\javax.activation-api-1.2.0.jar;C:\Users\Serg\.m2\repository\org\dom4j\dom4j\2.1.3\dom4j-2.1.3.jar;C:\Users\Serg\.m2\repository\org\hibernate\common\hibernate-commons-annotations\5.1.0.Final\hibernate-commons-annotations-5.1.0.Final.jar;C:\Users\Serg\.m2\repository\javax\xml\bind\jaxb-api\2.3.1\jaxb-api-2.3.1.jar;C:\Users\Serg\.m2\repository\org\hibernate\validator\hibernate-validator\6.1.6.Final\hibernate-validator-6.1.6.Final.jar;C:\Users\Serg\.m2\repository\jakarta\validation\jakarta.validation-api\2.0.2\jakarta.validation-api-2.0.2.jar;C:\Users\Serg\.m2\repository\org\glassfish\javax.el\3.0.1-b12\javax.el-3.0.1-b12.jar;C:\Users\Serg\.m2\repository\javax\cache\cache-api\1.1.0\cache-api-1.1.0.jar;C:\Users\Serg\.m2\repository\org\ehcache\ehcache\3.9.0\ehcache-3.9.0.jar;C:\Users\Serg\.m2\repository\org\glassfish\jaxb\jaxb-runtime\2.4.0-b180830.0438\jaxb-runtime-2.4.0-b180830.0438.jar;C:\Users\Serg\.m2\repository\org\glassfish\jaxb\txw2\2.4.0-b180830.0438\txw2-2.4.0-b180830.0438.jar;C:\Users\Serg\.m2\repository\com\sun\istack\istack-commons-runtime\3.0.7\istack-commons-runtime-3.0.7.jar;C:\Users\Serg\.m2\repository\org\jvnet\staxex\stax-ex\1.8\stax-ex-1.8.jar;C:\Users\Serg\.m2\repository\com\sun\xml\fastinfoset\FastInfoset\1.2.15\FastInfoset-1.2.15.jar;C:\Users\Serg\.m2\repository\javax\servlet\javax.servlet-api\4.0.1\javax.servlet-api-4.0.1.jar;C:\Users\Serg\.m2\repository\javax\servlet\jstl\1.2\jstl-1.2.jar;C:\Users\Serg\.m2\repository\junit\junit\4.13.1\junit-4.13.1.jar;C:\Users\Serg\.m2\repository\org\hamcrest\hamcrest-core\1.3\hamcrest-core-1.3.jar;C:\Users\Serg\.m2\repository\org\springframework\spring-test\5.3.0\spring-test-5.3.0.jar;C:\Users\Serg\.m2\repository\org\assertj\assertj-core\3.17.2\assertj-core-3.17.2.jar;C:\Users\Serg\.m2\repository\org\hsqldb\hsqldb\2.3.4\hsqldb-2.3.4.jar;C:\Users\Serg\.m2\repository\org\postgresql\postgresql\42.2.17\postgresql-42.2.17.jar;C:\Users\Serg\.m2\repository\org\checkerframework\checker-qual\3.5.0\checker-qual-3.5.0.jar;C:\Users\Serg\.m2\repository\org\apache\tomcat\tomcat-jdbc\9.0.39\tomcat-jdbc-9.0.39.jar;C:\Users\Serg\.m2\repository\org\apache\tomcat\tomcat-juli\9.0.39\tomcat-juli-9.0.39.jar;C:\Users\Serg\.m2\repository\org\slf4j\jul-to-slf4j\1.7.30\jul-to-slf4j-1.7.30.jar;"/>
    <property name="java.vm.vendor" value="Oracle Corporation"/>
    <property name="sun.arch.data.model" value="64"/>
    <property name="user.variant" value=""/>
    <property name="java.vendor.url" value="https://java.oracle.com/"/>
    <property name="user.timezone" value="Europe/Moscow"/>
    <property name="os.name" value="Windows 10"/>
    <property name="java.vm.specification.version" value="15"/>
    <property name="sun.java.launcher" value="SUN_STANDARD"/>
    <property name="user.country" value="RU"/>
    <property name="sun.boot.library.path" value="C:\dev\jdk-15.0.1\bin"/>
    <property name="sun.java.command" value="C:\Users\Serg\AppData\Local\Temp\surefire4453827875321449259\surefirebooter9093129326598553075.jar C:\Users\Serg\AppData\Local\Temp\surefire4453827875321449259 2020-11-02T18-15-33_561-jvmRun1 surefire2660406227610049960tmp surefire_012060667714683210939tmp"/>
    <property name="jdk.debug" value="release"/>
    <property name="surefire.test.class.path" value="C:\dev\projects\topjava\target\test-classes;C:\dev\projects\topjava\target\classes;C:\Users\Serg\.m2\repository\org\slf4j\slf4j-api\1.7.30\slf4j-api-1.7.30.jar;C:\Users\Serg\.m2\repository\ch\qos\logback\logback-classic\1.2.3\logback-classic-1.2.3.jar;C:\Users\Serg\.m2\repository\ch\qos\logback\logback-core\1.2.3\logback-core-1.2.3.jar;C:\Users\Serg\.m2\repository\javax\annotation\javax.annotation-api\1.3.2\javax.annotation-api-1.3.2.jar;C:\Users\Serg\.m2\repository\org\springframework\spring-context-support\5.3.0\spring-context-support-5.3.0.jar;C:\Users\Serg\.m2\repository\org\springframework\spring-beans\5.3.0\spring-beans-5.3.0.jar;C:\Users\Serg\.m2\repository\org\springframework\spring-context\5.3.0\spring-context-5.3.0.jar;C:\Users\Serg\.m2\repository\org\springframework\spring-expression\5.3.0\spring-expression-5.3.0.jar;C:\Users\Serg\.m2\repository\org\springframework\spring-core\5.3.0\spring-core-5.3.0.jar;C:\Users\Serg\.m2\repository\org\springframework\spring-jcl\5.3.0\spring-jcl-5.3.0.jar;C:\Users\Serg\.m2\repository\org\springframework\data\spring-data-jpa\2.4.0\spring-data-jpa-2.4.0.jar;C:\Users\Serg\.m2\repository\org\springframework\data\spring-data-commons\2.4.0\spring-data-commons-2.4.0.jar;C:\Users\Serg\.m2\repository\org\springframework\spring-orm\5.3.0\spring-orm-5.3.0.jar;C:\Users\Serg\.m2\repository\org\springframework\spring-jdbc\5.3.0\spring-jdbc-5.3.0.jar;C:\Users\Serg\.m2\repository\org\springframework\spring-aop\5.3.0\spring-aop-5.3.0.jar;C:\Users\Serg\.m2\repository\org\springframework\spring-tx\5.3.0\spring-tx-5.3.0.jar;C:\Users\Serg\.m2\repository\org\aspectj\aspectjrt\1.9.6\aspectjrt-1.9.6.jar;C:\Users\Serg\.m2\repository\org\hibernate\hibernate-core\5.4.22.Final\hibernate-core-5.4.22.Final.jar;C:\Users\Serg\.m2\repository\org\jboss\logging\jboss-logging\3.3.2.Final\jboss-logging-3.3.2.Final.jar;C:\Users\Serg\.m2\repository\javax\persistence\javax.persistence-api\2.2\javax.persistence-api-2.2.jar;C:\Users\Serg\.m2\repository\org\javassist\javassist\3.24.0-GA\javassist-3.24.0-GA.jar;C:\Users\Serg\.m2\repository\net\bytebuddy\byte-buddy\1.10.10\byte-buddy-1.10.10.jar;C:\Users\Serg\.m2\repository\antlr\antlr\2.7.7\antlr-2.7.7.jar;C:\Users\Serg\.m2\repository\org\jboss\spec\javax\transaction\jboss-transaction-api_1.2_spec\1.1.1.Final\jboss-transaction-api_1.2_spec-1.1.1.Final.jar;C:\Users\Serg\.m2\repository\org\jboss\jandex\2.1.3.Final\jandex-2.1.3.Final.jar;C:\Users\Serg\.m2\repository\com\fasterxml\classmate\1.5.1\classmate-1.5.1.jar;C:\Users\Serg\.m2\repository\javax\activation\javax.activation-api\1.2.0\javax.activation-api-1.2.0.jar;C:\Users\Serg\.m2\repository\org\dom4j\dom4j\2.1.3\dom4j-2.1.3.jar;C:\Users\Serg\.m2\repository\org\hibernate\common\hibernate-commons-annotations\5.1.0.Final\hibernate-commons-annotations-5.1.0.Final.jar;C:\Users\Serg\.m2\repository\javax\xml\bind\jaxb-api\2.3.1\jaxb-api-2.3.1.jar;C:\Users\Serg\.m2\repository\org\hibernate\validator\hibernate-validator\6.1.6.Final\hibernate-validator-6.1.6.Final.jar;C:\Users\Serg\.m2\repository\jakarta\validation\jakarta.validation-api\2.0.2\jakarta.validation-api-2.0.2.jar;C:\Users\Serg\.m2\repository\org\glassfish\javax.el\3.0.1-b12\javax.el-3.0.1-b12.jar;C:\Users\Serg\.m2\repository\javax\cache\cache-api\1.1.0\cache-api-1.1.0.jar;C:\Users\Serg\.m2\repository\org\ehcache\ehcache\3.9.0\ehcache-3.9.0.jar;C:\Users\Serg\.m2\repository\org\glassfish\jaxb\jaxb-runtime\2.4.0-b180830.0438\jaxb-runtime-2.4.0-b180830.0438.jar;C:\Users\Serg\.m2\repository\org\glassfish\jaxb\txw2\2.4.0-b180830.0438\txw2-2.4.0-b180830.0438.jar;C:\Users\Serg\.m2\repository\com\sun\istack\istack-commons-runtime\3.0.7\istack-commons-runtime-3.0.7.jar;C:\Users\Serg\.m2\repository\org\jvnet\staxex\stax-ex\1.8\stax-ex-1.8.jar;C:\Users\Serg\.m2\repository\com\sun\xml\fastinfoset\FastInfoset\1.2.15\FastInfoset-1.2.15.jar;C:\Users\Serg\.m2\repository\javax\servlet\javax.servlet-api\4.0.1\javax.servlet-api-4.0.1.jar;C:\Users\Serg\.m2\repository\javax\servlet\jstl\1.2\jstl-1.2.jar;C:\Users\Serg\.m2\repository\junit\junit\4.13.1\junit-4.13.1.jar;C:\Users\Serg\.m2\repository\org\hamcrest\hamcrest-core\1.3\hamcrest-core-1.3.jar;C:\Users\Serg\.m2\repository\org\springframework\spring-test\5.3.0\spring-test-5.3.0.jar;C:\Users\Serg\.m2\repository\org\assertj\assertj-core\3.17.2\assertj-core-3.17.2.jar;C:\Users\Serg\.m2\repository\org\hsqldb\hsqldb\2.3.4\hsqldb-2.3.4.jar;C:\Users\Serg\.m2\repository\org\postgresql\postgresql\42.2.17\postgresql-42.2.17.jar;C:\Users\Serg\.m2\repository\org\checkerframework\checker-qual\3.5.0\checker-qual-3.5.0.jar;C:\Users\Serg\.m2\repository\org\apache\tomcat\tomcat-jdbc\9.0.39\tomcat-jdbc-9.0.39.jar;C:\Users\Serg\.m2\repository\org\apache\tomcat\tomcat-juli\9.0.39\tomcat-juli-9.0.39.jar;C:\Users\Serg\.m2\repository\org\slf4j\jul-to-slf4j\1.7.30\jul-to-slf4j-1.7.30.jar;"/>
    <property name="sun.cpu.endian" value="little"/>
    <property name="user.home" value="C:\Users\Serg"/>
    <property name="user.language" value="ru"/>
    <property name="java.specification.vendor" value="Oracle Corporation"/>
    <property name="java.version.date" value="2020-10-20"/>
    <property name="java.home" value="C:\dev\jdk-15.0.1"/>
    <property name="file.separator" value="\"/>
    <property name="basedir" value="C:\dev\projects\topjava"/>
    <property name="java.vm.compressedOopsMode" value="Zero based"/>
    <property name="line.separator" value="&#10;"/>
    <property name="java.vm.specification.vendor" value="Oracle Corporation"/>
    <property name="java.specification.name" value="Java Platform API Specification"/>
    <property name="surefire.real.class.path" value="C:\Users\Serg\AppData\Local\Temp\surefire4453827875321449259\surefirebooter9093129326598553075.jar"/>
    <property name="user.script" value=""/>
    <property name="sun.management.compiler" value="HotSpot 64-Bit Tiered Compilers"/>
    <property name="java.runtime.version" value="15.0.1+9-18"/>
    <property name="user.name" value="Serg"/>
    <property name="path.separator" value=";"/>
    <property name="os.version" value="10.0"/>
    <property name="java.runtime.name" value="OpenJDK Runtime Environment"/>
    <property name="file.encoding" value="UTF-8"/>
    <property name="java.vm.name" value="OpenJDK 64-Bit Server VM"/>
    <property name="localRepository" value="C:\Users\Serg\.m2\repository"/>
    <property name="java.vendor.url.bug" value="https://bugreport.java.com/bugreport/"/>
    <property name="java.io.tmpdir" value="C:\Users\Serg\AppData\Local\Temp\"/>
    <property name="idea.version" value="2020.2.3"/>
    <property name="java.version" value="15.0.1"/>
    <property name="user.dir" value="C:\dev\projects\topjava"/>
    <property name="os.arch" value="amd64"/>
    <property name="java.vm.specification.name" value="Java Virtual Machine Specification"/>
    <property name="sun.os.patch.level" value=""/>
    <property name="java.library.path" value="C:\dev\jdk-15.0.1\bin;C:\Windows\Sun\Java\bin;C:\Windows\system32;C:\Windows;C:\ProgramData\Anaconda3;C:\ProgramData\Anaconda3\Library\mingw-w64\bin;C:\ProgramData\Anaconda3\Library\usr\bin;C:\ProgramData\Anaconda3\Library\bin;C:\ProgramData\Anaconda3\Scripts;C:\Windows\system32;C:\Windows;C:\Windows\System32\Wbem;C:\Windows\System32\WindowsPowerShell\v1.0\;C:\Windows\System32\OpenSSH\;C:\dev\maven\apache-maven-3.6.3\bin;C:\dev\java-se-8u41-ri\bin;C:\Program Files\Git\cmd;C:\Program Files\dotnet\;C:\Users\Serg\AppData\Local\Programs\Enthought\edm\;C:\Users\Serg\AppData\Local\Programs\Python\Python38-32\Scripts\;C:\Users\Serg\AppData\Local\Programs\Python\Python38-32\;C:\Users\Serg\AppData\Local\Microsoft\WindowsApps;;."/>
    <property name="java.vm.info" value="mixed mode, sharing"/>
    <property name="java.vendor" value="Oracle Corporation"/>
    <property name="java.vm.version" value="15.0.1+9-18"/>
    <property name="sun.io.unicode.encoding" value="UnicodeLittle"/>
    <property name="java.class.version" value="59.0"/>
  </properties>
  <testcase name="create" classname="ru.javawebinar.topjava.service.usertest.UserJpaServiceTest" time="0.006"/>
  <testcase name="delete" classname="ru.javawebinar.topjava.service.usertest.UserJpaServiceTest" time="0.005"/>
  <testcase name="getAll" classname="ru.javawebinar.topjava.service.usertest.UserJpaServiceTest" time="0.005"/>
  <testcase name="update" classname="ru.javawebinar.topjava.service.usertest.UserJpaServiceTest" time="0.009"/>
  <testcase name="getNotFound" classname="ru.javawebinar.topjava.service.usertest.UserJpaServiceTest" time="0.004"/>
  <testcase name="get" classname="ru.javawebinar.topjava.service.usertest.UserJpaServiceTest" time="0.004"/>
  <testcase name="deletedNotFound" classname="ru.javawebinar.topjava.service.usertest.UserJpaServiceTest" time="0.004"/>
  <testcase name="getByEmail" classname="ru.javawebinar.topjava.service.usertest.UserJpaServiceTest" time="0.006"/>
  <testcase name="duplicateMailCreate" classname="ru.javawebinar.topjava.service.usertest.UserJpaServiceTest" time="0.004"/>
</testsuite>